2026-01-14 23:27:51.247 [main] INFO  c.m.builder.xml.XMLConfigBuilder - 开始解析MyBatis配置文件...
2026-01-14 23:27:51.269 [main] DEBUG c.m.builder.xml.XMLConfigBuilder - 默认环境: development
2026-01-14 23:27:51.273 [main] DEBUG c.m.builder.xml.XMLConfigBuilder - 数据库驱动: com.mysql.cj.jdbc.Driver
2026-01-14 23:27:51.273 [main] DEBUG c.m.builder.xml.XMLConfigBuilder - 数据库URL: jdbc:mysql://localhost:3306/mybatis_learn?useUnicode=true&characterEncoding=utf8&useSSL=false&serverTimezone=Asia/Shanghai
2026-01-14 23:27:51.274 [main] DEBUG c.m.builder.xml.XMLConfigBuilder - 数据库用户名: root
2026-01-14 23:27:51.274 [main] DEBUG c.m.builder.xml.XMLConfigBuilder - 数据库密码: ******
2026-01-14 23:27:51.274 [main] DEBUG c.m.builder.xml.XMLConfigBuilder - 解析Mapper文件: mapper/UserMapper.xml
2026-01-14 23:27:51.280 [main] INFO  c.m.builder.xml.XMLMapperBuilder - 解析Mapper: com.mybatis.test.mapper.UserMapper
2026-01-14 23:27:51.282 [main] INFO  com.mybatis.binding.MapperRegistry - 注册Mapper: com.mybatis.test.mapper.UserMapper
2026-01-14 23:27:51.283 [main] DEBUG c.m.builder.xml.XMLMapperBuilder - 解析SQL语句: com.mybatis.test.mapper.UserMapper.selectById [SELECT]
2026-01-14 23:27:51.284 [main] DEBUG c.m.builder.xml.XMLMapperBuilder - SQL: SELECT id, username, password, email, create_time FROM user WHERE id = #{id}
2026-01-14 23:27:51.287 [main] DEBUG c.m.builder.xml.XMLMapperBuilder - 解析SQL语句: com.mybatis.test.mapper.UserMapper.selectAll [SELECT]
2026-01-14 23:27:51.287 [main] DEBUG c.m.builder.xml.XMLMapperBuilder - SQL: SELECT id, username, password, email, create_time FROM user ORDER BY id
2026-01-14 23:27:51.287 [main] DEBUG c.m.builder.xml.XMLMapperBuilder - 解析SQL语句: com.mybatis.test.mapper.UserMapper.insert [INSERT]
2026-01-14 23:27:51.287 [main] DEBUG c.m.builder.xml.XMLMapperBuilder - SQL: INSERT INTO user (username, password, email, create_time) VALUES (#{username}, #{password}, #{email}, #{createTime})
2026-01-14 23:27:51.288 [main] DEBUG c.m.builder.xml.XMLMapperBuilder - 解析SQL语句: com.mybatis.test.mapper.UserMapper.update [UPDATE]
2026-01-14 23:27:51.288 [main] DEBUG c.m.builder.xml.XMLMapperBuilder - SQL: UPDATE user SET username = #{username}, password = #{password}, email = #{email} WHERE id = #{id}
2026-01-14 23:27:51.288 [main] DEBUG c.m.builder.xml.XMLMapperBuilder - 解析SQL语句: com.mybatis.test.mapper.UserMapper.deleteById [DELETE]
2026-01-14 23:27:51.288 [main] DEBUG c.m.builder.xml.XMLMapperBuilder - SQL: DELETE FROM user WHERE id = #{id}
2026-01-14 23:27:51.288 [main] INFO  c.m.builder.xml.XMLMapperBuilder - Mapper解析完成: com.mybatis.test.mapper.UserMapper (共5条SQL语句)
2026-01-14 23:27:51.288 [main] DEBUG c.m.builder.xml.XMLConfigBuilder - 解析Mapper文件: mapper/ProductMapper.xml
2026-01-14 23:27:51.292 [main] INFO  c.m.builder.xml.XMLMapperBuilder - 解析Mapper: com.mybatis.test.mapper.ProductMapper
2026-01-14 23:27:51.294 [main] INFO  com.mybatis.binding.MapperRegistry - 注册Mapper: com.mybatis.test.mapper.ProductMapper
2026-01-14 23:27:51.294 [main] DEBUG c.m.builder.xml.XMLMapperBuilder - 解析SQL语句: com.mybatis.test.mapper.ProductMapper.selectById [SELECT]
2026-01-14 23:27:51.294 [main] DEBUG c.m.builder.xml.XMLMapperBuilder - SQL: SELECT id, product_name, category, price, stock, description, create_time FROM product WHERE id = #{id}
2026-01-14 23:27:51.295 [main] DEBUG c.m.builder.xml.XMLMapperBuilder - 解析SQL语句: com.mybatis.test.mapper.ProductMapper.selectAll [SELECT]
2026-01-14 23:27:51.296 [main] DEBUG c.m.builder.xml.XMLMapperBuilder - SQL: SELECT id, product_name, category, price, stock, description, create_time FROM product ORDER BY id DESC
2026-01-14 23:27:51.296 [main] DEBUG c.m.builder.xml.XMLMapperBuilder - 解析SQL语句: com.mybatis.test.mapper.ProductMapper.selectByCategory [SELECT]
2026-01-14 23:27:51.296 [main] DEBUG c.m.builder.xml.XMLMapperBuilder - SQL: SELECT id, product_name, category, price, stock, description, create_time FROM product WHERE category = #{category}
2026-01-14 23:27:51.297 [main] DEBUG c.m.builder.xml.XMLMapperBuilder - 解析SQL语句: com.mybatis.test.mapper.ProductMapper.insert [INSERT]
2026-01-14 23:27:51.297 [main] DEBUG c.m.builder.xml.XMLMapperBuilder - SQL: INSERT INTO product ( product_name, category, price, stock, description, create_time ) VALUES ( #{productName}, #{category}, #{price}, #{stock}, #{description}, #{createTime} )
2026-01-14 23:27:51.298 [main] DEBUG c.m.builder.xml.XMLMapperBuilder - 解析SQL语句: com.mybatis.test.mapper.ProductMapper.update [UPDATE]
2026-01-14 23:27:51.298 [main] DEBUG c.m.builder.xml.XMLMapperBuilder - SQL: UPDATE product SET product_name = #{productName}, category = #{category}, price = #{price}, stock = #{stock}, description = #{description} WHERE id = #{id}
2026-01-14 23:27:51.298 [main] DEBUG c.m.builder.xml.XMLMapperBuilder - 解析SQL语句: com.mybatis.test.mapper.ProductMapper.deleteById [DELETE]
2026-01-14 23:27:51.299 [main] DEBUG c.m.builder.xml.XMLMapperBuilder - SQL: DELETE FROM product WHERE id = #{id}
2026-01-14 23:27:51.299 [main] INFO  c.m.builder.xml.XMLMapperBuilder - Mapper解析完成: com.mybatis.test.mapper.ProductMapper (共6条SQL语句)
2026-01-14 23:27:51.299 [main] INFO  c.m.builder.xml.XMLConfigBuilder - MyBatis配置文件解析完成！
2026-01-14 23:27:51.301 [main] INFO  c.m.session.DefaultSqlSessionFactory - SqlSessionFactory创建成功
2026-01-14 23:27:51.302 [main] DEBUG c.m.session.DefaultSqlSessionFactory - 打开SqlSession [autoCommit=false]
2026-01-14 23:27:51.983 [main] DEBUG c.mybatis.session.DefaultSqlSession - 数据库连接建立成功
2026-01-14 23:27:51.990 [main] DEBUG c.mybatis.session.DefaultSqlSession - SqlSession创建成功 [autoCommit=false]
2026-01-14 23:27:51.991 [main] DEBUG c.mybatis.binding.MapperProxyFactory - 创建Mapper代理对象: com.mybatis.test.mapper.UserMapper
2026-01-14 23:27:51.994 [main] DEBUG com.mybatis.binding.MapperProxy - Mapper方法调用: com.mybatis.test.mapper.UserMapper.selectById
2026-01-14 23:27:51.994 [main] DEBUG com.mybatis.binding.MapperProxy - 执行selectOne
2026-01-14 23:27:51.994 [main] DEBUG c.mybatis.session.DefaultSqlSession - 执行selectOne: com.mybatis.test.mapper.UserMapper.selectById
2026-01-14 23:27:51.994 [main] DEBUG c.mybatis.session.DefaultSqlSession - 执行selectList: com.mybatis.test.mapper.UserMapper.selectById
2026-01-14 23:27:51.995 [main] DEBUG com.mybatis.executor.SimpleExecutor - SimpleExecutor执行查询: com.mybatis.test.mapper.UserMapper.selectById
2026-01-14 23:28:11.724 [main] DEBUG c.m.e.statement.StatementHandler - 原始SQL: SELECT id, username, password, email, create_time FROM user WHERE id = #{id}
2026-01-14 23:28:11.724 [main] DEBUG c.m.e.statement.StatementHandler - 预编译SQL: SELECT id, username, password, email, create_time FROM user WHERE id = ?
2026-01-14 23:28:14.516 [main] DEBUG c.m.e.statement.StatementHandler - 设置参数: [1] = 1
2026-01-14 23:28:14.553 [main] DEBUG c.m.e.statement.StatementHandler - SQL执行成功，开始处理结果集
2026-01-14 23:28:14.553 [main] DEBUG c.m.e.resultset.ResultSetHandler - 开始处理结果集，目标类型: com.mybatis.test.entity.User
2026-01-14 23:28:14.554 [main] DEBUG c.m.e.resultset.ResultSetHandler - 结果集包含5列
2026-01-14 23:28:14.560 [main] DEBUG c.m.e.resultset.ResultSetHandler - 结果集处理完成，共1行
2026-01-14 23:28:14.560 [main] DEBUG com.mybatis.executor.SimpleExecutor - 查询完成，返回1条记录
2026-01-14 23:28:14.561 [main] DEBUG c.mybatis.session.DefaultSqlSession - 关闭SqlSession
2026-01-14 23:28:14.561 [main] DEBUG com.mybatis.executor.SimpleExecutor - SimpleExecutor已关闭
2026-01-14 23:28:14.583 [main] DEBUG c.mybatis.session.DefaultSqlSession - 数据库连接已关闭
