2026-01-12 23:14:25.612 [main] DEBUG c.m.e.statement.StatementHandler - 原始SQL: SELECT id, username, password, email, create_time FROM user WHERE id = #{id}
2026-01-12 23:14:25.755 [main] DEBUG c.m.e.statement.StatementHandler - 预编译SQL: SELECT id, username, password, email, create_time FROM user WHERE id = ?
2026-01-12 23:14:27.296 [main] DEBUG c.m.e.statement.StatementHandler - 设置参数: [1] = 1
2026-01-12 23:14:29.072 [main] DEBUG c.mybatis.session.DefaultSqlSession - 关闭SqlSession
2026-01-12 23:14:29.072 [main] DEBUG com.mybatis.executor.SimpleExecutor - SimpleExecutor已关闭
2026-01-12 23:14:29.072 [main] DEBUG c.mybatis.session.DefaultSqlSession - 数据库连接已关闭
2026-01-12 23:33:09.145 [main] INFO  c.m.builder.xml.XMLConfigBuilder - 开始解析MyBatis配置文件...
2026-01-12 23:33:09.149 [main] DEBUG c.m.builder.xml.XMLConfigBuilder - 默认环境: development
2026-01-12 23:33:09.152 [main] DEBUG c.m.builder.xml.XMLConfigBuilder - 数据库驱动: com.mysql.cj.jdbc.Driver
2026-01-12 23:33:09.153 [main] DEBUG c.m.builder.xml.XMLConfigBuilder - 数据库URL: jdbc:mysql://localhost:3306/mybatis_learn?useUnicode=true&characterEncoding=utf8&useSSL=false&serverTimezone=Asia/Shanghai
2026-01-12 23:33:09.153 [main] DEBUG c.m.builder.xml.XMLConfigBuilder - 数据库用户名: root
2026-01-12 23:33:09.153 [main] DEBUG c.m.builder.xml.XMLConfigBuilder - 数据库密码: ******
2026-01-12 23:33:09.153 [main] DEBUG c.m.builder.xml.XMLConfigBuilder - 解析Mapper文件: mapper/UserMapper.xml
2026-01-12 23:33:09.158 [main] INFO  c.m.builder.xml.XMLMapperBuilder - 解析Mapper: com.mybatis.test.mapper.UserMapper
2026-01-12 23:33:09.160 [main] INFO  com.mybatis.binding.MapperRegistry - 注册Mapper: com.mybatis.test.mapper.UserMapper
2026-01-12 23:33:09.161 [main] DEBUG c.m.builder.xml.XMLMapperBuilder - 解析SQL语句: com.mybatis.test.mapper.UserMapper.selectById [SELECT]
2026-01-12 23:33:09.162 [main] DEBUG c.m.builder.xml.XMLMapperBuilder - SQL: SELECT id, username, password, email, create_time FROM user WHERE id = #{id}
2026-01-12 23:33:09.164 [main] DEBUG c.m.builder.xml.XMLMapperBuilder - 解析SQL语句: com.mybatis.test.mapper.UserMapper.selectAll [SELECT]
2026-01-12 23:33:09.164 [main] DEBUG c.m.builder.xml.XMLMapperBuilder - SQL: SELECT id, username, password, email, create_time FROM user ORDER BY id
2026-01-12 23:33:09.164 [main] DEBUG c.m.builder.xml.XMLMapperBuilder - 解析SQL语句: com.mybatis.test.mapper.UserMapper.insert [INSERT]
2026-01-12 23:33:09.165 [main] DEBUG c.m.builder.xml.XMLMapperBuilder - SQL: INSERT INTO user (username, password, email, create_time) VALUES (#{username}, #{password}, #{email}, #{createTime})
2026-01-12 23:33:09.165 [main] DEBUG c.m.builder.xml.XMLMapperBuilder - 解析SQL语句: com.mybatis.test.mapper.UserMapper.update [UPDATE]
2026-01-12 23:33:09.165 [main] DEBUG c.m.builder.xml.XMLMapperBuilder - SQL: UPDATE user SET username = #{username}, password = #{password}, email = #{email} WHERE id = #{id}
2026-01-12 23:33:09.165 [main] DEBUG c.m.builder.xml.XMLMapperBuilder - 解析SQL语句: com.mybatis.test.mapper.UserMapper.deleteById [DELETE]
2026-01-12 23:33:09.166 [main] DEBUG c.m.builder.xml.XMLMapperBuilder - SQL: DELETE FROM user WHERE id = #{id}
2026-01-12 23:33:09.166 [main] INFO  c.m.builder.xml.XMLMapperBuilder - Mapper解析完成: com.mybatis.test.mapper.UserMapper (共5条SQL语句)
2026-01-12 23:33:09.166 [main] DEBUG c.m.builder.xml.XMLConfigBuilder - 解析Mapper文件: mapper/ProductMapper.xml
2026-01-12 23:33:09.171 [main] INFO  c.m.builder.xml.XMLMapperBuilder - 解析Mapper: com.mybatis.test.mapper.ProductMapper
2026-01-12 23:33:09.173 [main] INFO  com.mybatis.binding.MapperRegistry - 注册Mapper: com.mybatis.test.mapper.ProductMapper
2026-01-12 23:33:09.174 [main] DEBUG c.m.builder.xml.XMLMapperBuilder - 解析SQL语句: com.mybatis.test.mapper.ProductMapper.selectById [SELECT]
2026-01-12 23:33:09.174 [main] DEBUG c.m.builder.xml.XMLMapperBuilder - SQL: SELECT id, product_name, category, price, stock, description, create_time FROM product WHERE id = #{id}
2026-01-12 23:33:09.175 [main] DEBUG c.m.builder.xml.XMLMapperBuilder - 解析SQL语句: com.mybatis.test.mapper.ProductMapper.selectAll [SELECT]
2026-01-12 23:33:09.176 [main] DEBUG c.m.builder.xml.XMLMapperBuilder - SQL: SELECT id, product_name, category, price, stock, description, create_time FROM product ORDER BY id DESC
2026-01-12 23:33:09.176 [main] DEBUG c.m.builder.xml.XMLMapperBuilder - 解析SQL语句: com.mybatis.test.mapper.ProductMapper.selectByCategory [SELECT]
2026-01-12 23:33:09.176 [main] DEBUG c.m.builder.xml.XMLMapperBuilder - SQL: SELECT id, product_name, category, price, stock, description, create_time FROM product WHERE category = #{category}
2026-01-12 23:33:09.176 [main] DEBUG c.m.builder.xml.XMLMapperBuilder - 解析SQL语句: com.mybatis.test.mapper.ProductMapper.insert [INSERT]
2026-01-12 23:33:09.176 [main] DEBUG c.m.builder.xml.XMLMapperBuilder - SQL: INSERT INTO product ( product_name, category, price, stock, description, create_time ) VALUES ( #{productName}, #{category}, #{price}, #{stock}, #{description}, #{createTime} )
2026-01-12 23:33:09.177 [main] DEBUG c.m.builder.xml.XMLMapperBuilder - 解析SQL语句: com.mybatis.test.mapper.ProductMapper.update [UPDATE]
2026-01-12 23:33:09.177 [main] DEBUG c.m.builder.xml.XMLMapperBuilder - SQL: UPDATE product SET product_name = #{productName}, category = #{category}, price = #{price}, stock = #{stock}, description = #{description} WHERE id = #{id}
2026-01-12 23:33:09.177 [main] DEBUG c.m.builder.xml.XMLMapperBuilder - 解析SQL语句: com.mybatis.test.mapper.ProductMapper.deleteById [DELETE]
2026-01-12 23:33:09.177 [main] DEBUG c.m.builder.xml.XMLMapperBuilder - SQL: DELETE FROM product WHERE id = #{id}
2026-01-12 23:33:09.178 [main] INFO  c.m.builder.xml.XMLMapperBuilder - Mapper解析完成: com.mybatis.test.mapper.ProductMapper (共6条SQL语句)
2026-01-12 23:33:09.178 [main] INFO  c.m.builder.xml.XMLConfigBuilder - MyBatis配置文件解析完成！
2026-01-12 23:33:09.180 [main] INFO  c.m.session.DefaultSqlSessionFactory - SqlSessionFactory创建成功
2026-01-12 23:33:09.181 [main] DEBUG c.m.session.DefaultSqlSessionFactory - 打开SqlSession [autoCommit=false]
2026-01-12 23:33:09.822 [main] DEBUG c.mybatis.session.DefaultSqlSession - 数据库连接建立成功
2026-01-12 23:33:09.828 [main] DEBUG c.mybatis.session.DefaultSqlSession - SqlSession创建成功 [autoCommit=false]
2026-01-12 23:33:09.829 [main] DEBUG c.mybatis.binding.MapperProxyFactory - 创建Mapper代理对象: com.mybatis.test.mapper.UserMapper
2026-01-12 23:33:09.832 [main] DEBUG com.mybatis.binding.MapperProxy - Mapper方法调用: com.mybatis.test.mapper.UserMapper.selectById
2026-01-12 23:33:09.832 [main] DEBUG com.mybatis.binding.MapperProxy - 执行selectOne
2026-01-12 23:33:09.832 [main] DEBUG c.mybatis.session.DefaultSqlSession - 执行selectOne: com.mybatis.test.mapper.UserMapper.selectById
2026-01-12 23:33:09.832 [main] DEBUG c.mybatis.session.DefaultSqlSession - 执行selectList: com.mybatis.test.mapper.UserMapper.selectById
2026-01-12 23:33:09.832 [main] DEBUG com.mybatis.executor.SimpleExecutor - SimpleExecutor执行查询: com.mybatis.test.mapper.UserMapper.selectById
2026-01-12 23:33:24.726 [main] DEBUG c.m.e.statement.StatementHandler - 原始SQL: SELECT id, username, password, email, create_time FROM user WHERE id = #{id}
2026-01-12 23:33:24.727 [main] DEBUG c.m.e.statement.StatementHandler - 预编译SQL: SELECT id, username, password, email, create_time FROM user WHERE id = ?
2026-01-12 23:41:34.077 [main] DEBUG c.m.e.statement.StatementHandler - 设置参数: [1] = 1
2026-01-12 23:41:34.298 [main] DEBUG c.m.e.statement.StatementHandler - SQL执行成功，开始处理结果集
2026-01-12 23:41:34.299 [main] DEBUG c.m.e.resultset.ResultSetHandler - 开始处理结果集，目标类型: com.mybatis.test.entity.User
2026-01-12 23:41:34.302 [main] DEBUG c.m.e.resultset.ResultSetHandler - 结果集包含5列
2026-01-12 23:41:34.314 [main] DEBUG c.m.e.resultset.ResultSetHandler - 结果集处理完成，共1行
2026-01-12 23:41:34.315 [main] DEBUG com.mybatis.executor.SimpleExecutor - 查询完成，返回1条记录
2026-01-12 23:41:34.316 [main] DEBUG c.mybatis.session.DefaultSqlSession - 关闭SqlSession
2026-01-12 23:41:34.316 [main] DEBUG com.mybatis.executor.SimpleExecutor - SimpleExecutor已关闭
2026-01-12 23:41:34.331 [main] DEBUG c.mybatis.session.DefaultSqlSession - 数据库连接已关闭
2026-01-12 23:41:38.367 [main] INFO  c.m.builder.xml.XMLConfigBuilder - 开始解析MyBatis配置文件...
2026-01-12 23:41:38.370 [main] DEBUG c.m.builder.xml.XMLConfigBuilder - 默认环境: development
2026-01-12 23:41:38.372 [main] DEBUG c.m.builder.xml.XMLConfigBuilder - 数据库驱动: com.mysql.cj.jdbc.Driver
2026-01-12 23:41:38.373 [main] DEBUG c.m.builder.xml.XMLConfigBuilder - 数据库URL: jdbc:mysql://localhost:3306/mybatis_learn?useUnicode=true&characterEncoding=utf8&useSSL=false&serverTimezone=Asia/Shanghai
2026-01-12 23:41:38.373 [main] DEBUG c.m.builder.xml.XMLConfigBuilder - 数据库用户名: root
2026-01-12 23:41:38.373 [main] DEBUG c.m.builder.xml.XMLConfigBuilder - 数据库密码: ******
2026-01-12 23:41:38.373 [main] DEBUG c.m.builder.xml.XMLConfigBuilder - 解析Mapper文件: mapper/UserMapper.xml
2026-01-12 23:41:38.378 [main] INFO  c.m.builder.xml.XMLMapperBuilder - 解析Mapper: com.mybatis.test.mapper.UserMapper
2026-01-12 23:41:38.380 [main] INFO  com.mybatis.binding.MapperRegistry - 注册Mapper: com.mybatis.test.mapper.UserMapper
2026-01-12 23:41:38.381 [main] DEBUG c.m.builder.xml.XMLMapperBuilder - 解析SQL语句: com.mybatis.test.mapper.UserMapper.selectById [SELECT]
2026-01-12 23:41:38.382 [main] DEBUG c.m.builder.xml.XMLMapperBuilder - SQL: SELECT id, username, password, email, create_time FROM user WHERE id = #{id}
2026-01-12 23:41:38.384 [main] DEBUG c.m.builder.xml.XMLMapperBuilder - 解析SQL语句: com.mybatis.test.mapper.UserMapper.selectAll [SELECT]
2026-01-12 23:41:38.385 [main] DEBUG c.m.builder.xml.XMLMapperBuilder - SQL: SELECT id, username, password, email, create_time FROM user ORDER BY id
2026-01-12 23:41:38.385 [main] DEBUG c.m.builder.xml.XMLMapperBuilder - 解析SQL语句: com.mybatis.test.mapper.UserMapper.insert [INSERT]
2026-01-12 23:41:38.386 [main] DEBUG c.m.builder.xml.XMLMapperBuilder - SQL: INSERT INTO user (username, password, email, create_time) VALUES (#{username}, #{password}, #{email}, #{createTime})
2026-01-12 23:41:38.386 [main] DEBUG c.m.builder.xml.XMLMapperBuilder - 解析SQL语句: com.mybatis.test.mapper.UserMapper.update [UPDATE]
2026-01-12 23:41:38.386 [main] DEBUG c.m.builder.xml.XMLMapperBuilder - SQL: UPDATE user SET username = #{username}, password = #{password}, email = #{email} WHERE id = #{id}
2026-01-12 23:41:38.386 [main] DEBUG c.m.builder.xml.XMLMapperBuilder - 解析SQL语句: com.mybatis.test.mapper.UserMapper.deleteById [DELETE]
2026-01-12 23:41:38.386 [main] DEBUG c.m.builder.xml.XMLMapperBuilder - SQL: DELETE FROM user WHERE id = #{id}
2026-01-12 23:41:38.387 [main] INFO  c.m.builder.xml.XMLMapperBuilder - Mapper解析完成: com.mybatis.test.mapper.UserMapper (共5条SQL语句)
2026-01-12 23:41:38.387 [main] DEBUG c.m.builder.xml.XMLConfigBuilder - 解析Mapper文件: mapper/ProductMapper.xml
2026-01-12 23:41:38.392 [main] INFO  c.m.builder.xml.XMLMapperBuilder - 解析Mapper: com.mybatis.test.mapper.ProductMapper
2026-01-12 23:41:38.394 [main] INFO  com.mybatis.binding.MapperRegistry - 注册Mapper: com.mybatis.test.mapper.ProductMapper
2026-01-12 23:41:38.395 [main] DEBUG c.m.builder.xml.XMLMapperBuilder - 解析SQL语句: com.mybatis.test.mapper.ProductMapper.selectById [SELECT]
2026-01-12 23:41:38.396 [main] DEBUG c.m.builder.xml.XMLMapperBuilder - SQL: SELECT id, product_name, category, price, stock, description, create_time FROM product WHERE id = #{id}
2026-01-12 23:41:38.397 [main] DEBUG c.m.builder.xml.XMLMapperBuilder - 解析SQL语句: com.mybatis.test.mapper.ProductMapper.selectAll [SELECT]
2026-01-12 23:41:38.397 [main] DEBUG c.m.builder.xml.XMLMapperBuilder - SQL: SELECT id, product_name, category, price, stock, description, create_time FROM product ORDER BY id DESC
2026-01-12 23:41:38.398 [main] DEBUG c.m.builder.xml.XMLMapperBuilder - 解析SQL语句: com.mybatis.test.mapper.ProductMapper.selectByCategory [SELECT]
2026-01-12 23:41:38.398 [main] DEBUG c.m.builder.xml.XMLMapperBuilder - SQL: SELECT id, product_name, category, price, stock, description, create_time FROM product WHERE category = #{category}
2026-01-12 23:41:38.398 [main] DEBUG c.m.builder.xml.XMLMapperBuilder - 解析SQL语句: com.mybatis.test.mapper.ProductMapper.insert [INSERT]
2026-01-12 23:41:38.399 [main] DEBUG c.m.builder.xml.XMLMapperBuilder - SQL: INSERT INTO product ( product_name, category, price, stock, description, create_time ) VALUES ( #{productName}, #{category}, #{price}, #{stock}, #{description}, #{createTime} )
2026-01-12 23:41:38.399 [main] DEBUG c.m.builder.xml.XMLMapperBuilder - 解析SQL语句: com.mybatis.test.mapper.ProductMapper.update [UPDATE]
2026-01-12 23:41:38.399 [main] DEBUG c.m.builder.xml.XMLMapperBuilder - SQL: UPDATE product SET product_name = #{productName}, category = #{category}, price = #{price}, stock = #{stock}, description = #{description} WHERE id = #{id}
2026-01-12 23:41:38.399 [main] DEBUG c.m.builder.xml.XMLMapperBuilder - 解析SQL语句: com.mybatis.test.mapper.ProductMapper.deleteById [DELETE]
2026-01-12 23:41:38.400 [main] DEBUG c.m.builder.xml.XMLMapperBuilder - SQL: DELETE FROM product WHERE id = #{id}
2026-01-12 23:41:38.400 [main] INFO  c.m.builder.xml.XMLMapperBuilder - Mapper解析完成: com.mybatis.test.mapper.ProductMapper (共6条SQL语句)
2026-01-12 23:41:38.400 [main] INFO  c.m.builder.xml.XMLConfigBuilder - MyBatis配置文件解析完成！
2026-01-12 23:41:38.402 [main] INFO  c.m.session.DefaultSqlSessionFactory - SqlSessionFactory创建成功
2026-01-12 23:41:38.402 [main] DEBUG c.m.session.DefaultSqlSessionFactory - 打开SqlSession [autoCommit=false]
2026-01-12 23:41:38.958 [main] DEBUG c.mybatis.session.DefaultSqlSession - 数据库连接建立成功
2026-01-12 23:41:38.965 [main] DEBUG c.mybatis.session.DefaultSqlSession - SqlSession创建成功 [autoCommit=false]
2026-01-12 23:41:38.965 [main] DEBUG c.mybatis.binding.MapperProxyFactory - 创建Mapper代理对象: com.mybatis.test.mapper.UserMapper
2026-01-12 23:41:38.968 [main] DEBUG com.mybatis.binding.MapperProxy - Mapper方法调用: com.mybatis.test.mapper.UserMapper.selectById
2026-01-12 23:41:38.968 [main] DEBUG com.mybatis.binding.MapperProxy - 执行selectOne
2026-01-12 23:41:38.968 [main] DEBUG c.mybatis.session.DefaultSqlSession - 执行selectOne: com.mybatis.test.mapper.UserMapper.selectById
2026-01-12 23:41:38.969 [main] DEBUG c.mybatis.session.DefaultSqlSession - 执行selectList: com.mybatis.test.mapper.UserMapper.selectById
2026-01-12 23:41:38.969 [main] DEBUG com.mybatis.executor.SimpleExecutor - SimpleExecutor执行查询: com.mybatis.test.mapper.UserMapper.selectById
2026-01-12 23:41:53.101 [main] DEBUG c.m.e.statement.StatementHandler - 原始SQL: SELECT id, username, password, email, create_time FROM user WHERE id = #{id}
2026-01-12 23:41:56.100 [main] DEBUG c.m.e.statement.StatementHandler - 预编译SQL: SELECT id, username, password, email, create_time FROM user WHERE id = ?
