2026-01-08 23:07:33.274 [main] INFO  c.m.builder.xml.XMLConfigBuilder - 开始解析MyBatis配置文件...
2026-01-08 23:07:33.277 [main] DEBUG c.m.builder.xml.XMLConfigBuilder - 默认环境: development
2026-01-08 23:07:33.281 [main] DEBUG c.m.builder.xml.XMLConfigBuilder - 数据库驱动: com.mysql.cj.jdbc.Driver
2026-01-08 23:07:33.281 [main] DEBUG c.m.builder.xml.XMLConfigBuilder - 数据库URL: jdbc:mysql://localhost:3306/mybatis_learn?useUnicode=true&characterEncoding=utf8&useSSL=false&serverTimezone=Asia/Shanghai
2026-01-08 23:07:33.281 [main] DEBUG c.m.builder.xml.XMLConfigBuilder - 数据库用户名: root
2026-01-08 23:07:33.282 [main] DEBUG c.m.builder.xml.XMLConfigBuilder - 数据库密码: ******
2026-01-08 23:07:33.282 [main] DEBUG c.m.builder.xml.XMLConfigBuilder - 解析Mapper文件: mapper/UserMapper.xml
2026-01-08 23:07:33.286 [main] INFO  c.m.builder.xml.XMLMapperBuilder - 解析Mapper: com.mybatis.test.mapper.UserMapper
2026-01-08 23:07:33.287 [main] INFO  com.mybatis.binding.MapperRegistry - 注册Mapper: com.mybatis.test.mapper.UserMapper
2026-01-08 23:07:33.288 [main] DEBUG c.m.builder.xml.XMLMapperBuilder - 解析SQL语句: com.mybatis.test.mapper.UserMapper.selectById [SELECT]
2026-01-08 23:07:33.288 [main] DEBUG c.m.builder.xml.XMLMapperBuilder - SQL: SELECT id, username, password, email, create_time FROM user WHERE id = #{id}
2026-01-08 23:07:33.290 [main] DEBUG c.m.builder.xml.XMLMapperBuilder - 解析SQL语句: com.mybatis.test.mapper.UserMapper.selectAll [SELECT]
2026-01-08 23:07:33.290 [main] DEBUG c.m.builder.xml.XMLMapperBuilder - SQL: SELECT id, username, password, email, create_time FROM user ORDER BY id
2026-01-08 23:07:33.290 [main] DEBUG c.m.builder.xml.XMLMapperBuilder - 解析SQL语句: com.mybatis.test.mapper.UserMapper.insert [INSERT]
2026-01-08 23:07:33.291 [main] DEBUG c.m.builder.xml.XMLMapperBuilder - SQL: INSERT INTO user (username, password, email, create_time) VALUES (#{username}, #{password}, #{email}, #{createTime})
2026-01-08 23:07:33.291 [main] DEBUG c.m.builder.xml.XMLMapperBuilder - 解析SQL语句: com.mybatis.test.mapper.UserMapper.update [UPDATE]
2026-01-08 23:07:33.291 [main] DEBUG c.m.builder.xml.XMLMapperBuilder - SQL: UPDATE user SET username = #{username}, password = #{password}, email = #{email} WHERE id = #{id}
2026-01-08 23:07:33.291 [main] DEBUG c.m.builder.xml.XMLMapperBuilder - 解析SQL语句: com.mybatis.test.mapper.UserMapper.deleteById [DELETE]
2026-01-08 23:07:33.292 [main] DEBUG c.m.builder.xml.XMLMapperBuilder - SQL: DELETE FROM user WHERE id = #{id}
2026-01-08 23:07:33.292 [main] INFO  c.m.builder.xml.XMLMapperBuilder - Mapper解析完成: com.mybatis.test.mapper.UserMapper (共5条SQL语句)
2026-01-08 23:07:33.292 [main] INFO  c.m.builder.xml.XMLConfigBuilder - MyBatis配置文件解析完成！
2026-01-08 23:07:33.294 [main] INFO  c.m.session.DefaultSqlSessionFactory - SqlSessionFactory创建成功
2026-01-08 23:07:33.295 [main] DEBUG c.m.session.DefaultSqlSessionFactory - 打开SqlSession [autoCommit=false]
2026-01-08 23:07:37.421 [main] INFO  c.m.builder.xml.XMLConfigBuilder - 开始解析MyBatis配置文件...
2026-01-08 23:07:37.422 [main] DEBUG c.m.builder.xml.XMLConfigBuilder - 默认环境: development
2026-01-08 23:07:37.422 [main] DEBUG c.m.builder.xml.XMLConfigBuilder - 数据库驱动: com.mysql.cj.jdbc.Driver
2026-01-08 23:07:37.422 [main] DEBUG c.m.builder.xml.XMLConfigBuilder - 数据库URL: jdbc:mysql://localhost:3306/mybatis_learn?useUnicode=true&characterEncoding=utf8&useSSL=false&serverTimezone=Asia/Shanghai
2026-01-08 23:07:37.422 [main] DEBUG c.m.builder.xml.XMLConfigBuilder - 数据库用户名: root
2026-01-08 23:07:37.422 [main] DEBUG c.m.builder.xml.XMLConfigBuilder - 数据库密码: ******
2026-01-08 23:07:37.422 [main] DEBUG c.m.builder.xml.XMLConfigBuilder - 解析Mapper文件: mapper/UserMapper.xml
2026-01-08 23:07:37.425 [main] INFO  c.m.builder.xml.XMLMapperBuilder - 解析Mapper: com.mybatis.test.mapper.UserMapper
2026-01-08 23:07:37.425 [main] INFO  com.mybatis.binding.MapperRegistry - 注册Mapper: com.mybatis.test.mapper.UserMapper
2026-01-08 23:07:37.425 [main] DEBUG c.m.builder.xml.XMLMapperBuilder - 解析SQL语句: com.mybatis.test.mapper.UserMapper.selectById [SELECT]
2026-01-08 23:07:37.425 [main] DEBUG c.m.builder.xml.XMLMapperBuilder - SQL: SELECT id, username, password, email, create_time FROM user WHERE id = #{id}
2026-01-08 23:07:37.426 [main] DEBUG c.m.builder.xml.XMLMapperBuilder - 解析SQL语句: com.mybatis.test.mapper.UserMapper.selectAll [SELECT]
2026-01-08 23:07:37.429 [main] DEBUG c.m.builder.xml.XMLMapperBuilder - SQL: SELECT id, username, password, email, create_time FROM user ORDER BY id
2026-01-08 23:07:37.429 [main] DEBUG c.m.builder.xml.XMLMapperBuilder - 解析SQL语句: com.mybatis.test.mapper.UserMapper.insert [INSERT]
2026-01-08 23:07:37.429 [main] DEBUG c.m.builder.xml.XMLMapperBuilder - SQL: INSERT INTO user (username, password, email, create_time) VALUES (#{username}, #{password}, #{email}, #{createTime})
2026-01-08 23:07:37.430 [main] DEBUG c.m.builder.xml.XMLMapperBuilder - 解析SQL语句: com.mybatis.test.mapper.UserMapper.update [UPDATE]
2026-01-08 23:07:37.430 [main] DEBUG c.m.builder.xml.XMLMapperBuilder - SQL: UPDATE user SET username = #{username}, password = #{password}, email = #{email} WHERE id = #{id}
2026-01-08 23:07:37.430 [main] DEBUG c.m.builder.xml.XMLMapperBuilder - 解析SQL语句: com.mybatis.test.mapper.UserMapper.deleteById [DELETE]
2026-01-08 23:07:37.430 [main] DEBUG c.m.builder.xml.XMLMapperBuilder - SQL: DELETE FROM user WHERE id = #{id}
2026-01-08 23:07:37.430 [main] INFO  c.m.builder.xml.XMLMapperBuilder - Mapper解析完成: com.mybatis.test.mapper.UserMapper (共5条SQL语句)
2026-01-08 23:07:37.431 [main] INFO  c.m.builder.xml.XMLConfigBuilder - MyBatis配置文件解析完成！
2026-01-08 23:07:37.431 [main] INFO  c.m.session.DefaultSqlSessionFactory - SqlSessionFactory创建成功
2026-01-08 23:07:37.431 [main] DEBUG c.m.session.DefaultSqlSessionFactory - 打开SqlSession [autoCommit=false]
2026-01-08 23:07:37.451 [main] INFO  c.m.builder.xml.XMLConfigBuilder - 开始解析MyBatis配置文件...
2026-01-08 23:07:37.451 [main] DEBUG c.m.builder.xml.XMLConfigBuilder - 默认环境: development
2026-01-08 23:07:37.451 [main] DEBUG c.m.builder.xml.XMLConfigBuilder - 数据库驱动: com.mysql.cj.jdbc.Driver
2026-01-08 23:07:37.451 [main] DEBUG c.m.builder.xml.XMLConfigBuilder - 数据库URL: jdbc:mysql://localhost:3306/mybatis_learn?useUnicode=true&characterEncoding=utf8&useSSL=false&serverTimezone=Asia/Shanghai
2026-01-08 23:07:37.451 [main] DEBUG c.m.builder.xml.XMLConfigBuilder - 数据库用户名: root
2026-01-08 23:07:37.452 [main] DEBUG c.m.builder.xml.XMLConfigBuilder - 数据库密码: ******
2026-01-08 23:07:37.452 [main] DEBUG c.m.builder.xml.XMLConfigBuilder - 解析Mapper文件: mapper/UserMapper.xml
2026-01-08 23:07:37.454 [main] INFO  c.m.builder.xml.XMLMapperBuilder - 解析Mapper: com.mybatis.test.mapper.UserMapper
2026-01-08 23:07:37.454 [main] INFO  com.mybatis.binding.MapperRegistry - 注册Mapper: com.mybatis.test.mapper.UserMapper
2026-01-08 23:07:37.454 [main] DEBUG c.m.builder.xml.XMLMapperBuilder - 解析SQL语句: com.mybatis.test.mapper.UserMapper.selectById [SELECT]
2026-01-08 23:07:37.454 [main] DEBUG c.m.builder.xml.XMLMapperBuilder - SQL: SELECT id, username, password, email, create_time FROM user WHERE id = #{id}
2026-01-08 23:07:37.454 [main] DEBUG c.m.builder.xml.XMLMapperBuilder - 解析SQL语句: com.mybatis.test.mapper.UserMapper.selectAll [SELECT]
2026-01-08 23:07:37.454 [main] DEBUG c.m.builder.xml.XMLMapperBuilder - SQL: SELECT id, username, password, email, create_time FROM user ORDER BY id
2026-01-08 23:07:37.455 [main] DEBUG c.m.builder.xml.XMLMapperBuilder - 解析SQL语句: com.mybatis.test.mapper.UserMapper.insert [INSERT]
2026-01-08 23:07:37.455 [main] DEBUG c.m.builder.xml.XMLMapperBuilder - SQL: INSERT INTO user (username, password, email, create_time) VALUES (#{username}, #{password}, #{email}, #{createTime})
2026-01-08 23:07:37.455 [main] DEBUG c.m.builder.xml.XMLMapperBuilder - 解析SQL语句: com.mybatis.test.mapper.UserMapper.update [UPDATE]
2026-01-08 23:07:37.455 [main] DEBUG c.m.builder.xml.XMLMapperBuilder - SQL: UPDATE user SET username = #{username}, password = #{password}, email = #{email} WHERE id = #{id}
2026-01-08 23:07:37.455 [main] DEBUG c.m.builder.xml.XMLMapperBuilder - 解析SQL语句: com.mybatis.test.mapper.UserMapper.deleteById [DELETE]
2026-01-08 23:07:37.455 [main] DEBUG c.m.builder.xml.XMLMapperBuilder - SQL: DELETE FROM user WHERE id = #{id}
2026-01-08 23:07:37.455 [main] INFO  c.m.builder.xml.XMLMapperBuilder - Mapper解析完成: com.mybatis.test.mapper.UserMapper (共5条SQL语句)
2026-01-08 23:07:37.456 [main] INFO  c.m.builder.xml.XMLConfigBuilder - MyBatis配置文件解析完成！
2026-01-08 23:07:37.456 [main] INFO  c.m.session.DefaultSqlSessionFactory - SqlSessionFactory创建成功
2026-01-08 23:07:37.456 [main] DEBUG c.m.session.DefaultSqlSessionFactory - 打开SqlSession [autoCommit=false]
2026-01-08 23:07:37.467 [main] INFO  c.m.builder.xml.XMLConfigBuilder - 开始解析MyBatis配置文件...
2026-01-08 23:07:37.468 [main] DEBUG c.m.builder.xml.XMLConfigBuilder - 默认环境: development
2026-01-08 23:07:37.468 [main] DEBUG c.m.builder.xml.XMLConfigBuilder - 数据库驱动: com.mysql.cj.jdbc.Driver
2026-01-08 23:07:37.468 [main] DEBUG c.m.builder.xml.XMLConfigBuilder - 数据库URL: jdbc:mysql://localhost:3306/mybatis_learn?useUnicode=true&characterEncoding=utf8&useSSL=false&serverTimezone=Asia/Shanghai
2026-01-08 23:07:37.468 [main] DEBUG c.m.builder.xml.XMLConfigBuilder - 数据库用户名: root
2026-01-08 23:07:37.469 [main] DEBUG c.m.builder.xml.XMLConfigBuilder - 数据库密码: ******
2026-01-08 23:07:37.469 [main] DEBUG c.m.builder.xml.XMLConfigBuilder - 解析Mapper文件: mapper/UserMapper.xml
2026-01-08 23:07:37.471 [main] INFO  c.m.builder.xml.XMLMapperBuilder - 解析Mapper: com.mybatis.test.mapper.UserMapper
2026-01-08 23:07:37.471 [main] INFO  com.mybatis.binding.MapperRegistry - 注册Mapper: com.mybatis.test.mapper.UserMapper
2026-01-08 23:07:37.471 [main] DEBUG c.m.builder.xml.XMLMapperBuilder - 解析SQL语句: com.mybatis.test.mapper.UserMapper.selectById [SELECT]
2026-01-08 23:07:37.472 [main] DEBUG c.m.builder.xml.XMLMapperBuilder - SQL: SELECT id, username, password, email, create_time FROM user WHERE id = #{id}
2026-01-08 23:07:37.472 [main] DEBUG c.m.builder.xml.XMLMapperBuilder - 解析SQL语句: com.mybatis.test.mapper.UserMapper.selectAll [SELECT]
2026-01-08 23:07:37.472 [main] DEBUG c.m.builder.xml.XMLMapperBuilder - SQL: SELECT id, username, password, email, create_time FROM user ORDER BY id
2026-01-08 23:07:37.472 [main] DEBUG c.m.builder.xml.XMLMapperBuilder - 解析SQL语句: com.mybatis.test.mapper.UserMapper.insert [INSERT]
2026-01-08 23:07:37.472 [main] DEBUG c.m.builder.xml.XMLMapperBuilder - SQL: INSERT INTO user (username, password, email, create_time) VALUES (#{username}, #{password}, #{email}, #{createTime})
2026-01-08 23:07:37.472 [main] DEBUG c.m.builder.xml.XMLMapperBuilder - 解析SQL语句: com.mybatis.test.mapper.UserMapper.update [UPDATE]
2026-01-08 23:07:37.472 [main] DEBUG c.m.builder.xml.XMLMapperBuilder - SQL: UPDATE user SET username = #{username}, password = #{password}, email = #{email} WHERE id = #{id}
2026-01-08 23:07:37.472 [main] DEBUG c.m.builder.xml.XMLMapperBuilder - 解析SQL语句: com.mybatis.test.mapper.UserMapper.deleteById [DELETE]
2026-01-08 23:07:37.473 [main] DEBUG c.m.builder.xml.XMLMapperBuilder - SQL: DELETE FROM user WHERE id = #{id}
2026-01-08 23:07:37.473 [main] INFO  c.m.builder.xml.XMLMapperBuilder - Mapper解析完成: com.mybatis.test.mapper.UserMapper (共5条SQL语句)
2026-01-08 23:07:37.473 [main] INFO  c.m.builder.xml.XMLConfigBuilder - MyBatis配置文件解析完成！
2026-01-08 23:07:37.473 [main] INFO  c.m.session.DefaultSqlSessionFactory - SqlSessionFactory创建成功
2026-01-08 23:07:37.473 [main] DEBUG c.m.session.DefaultSqlSessionFactory - 打开SqlSession [autoCommit=false]
2026-01-08 23:07:37.483 [main] INFO  c.m.builder.xml.XMLConfigBuilder - 开始解析MyBatis配置文件...
2026-01-08 23:07:37.483 [main] DEBUG c.m.builder.xml.XMLConfigBuilder - 默认环境: development
2026-01-08 23:07:37.483 [main] DEBUG c.m.builder.xml.XMLConfigBuilder - 数据库驱动: com.mysql.cj.jdbc.Driver
2026-01-08 23:07:37.483 [main] DEBUG c.m.builder.xml.XMLConfigBuilder - 数据库URL: jdbc:mysql://localhost:3306/mybatis_learn?useUnicode=true&characterEncoding=utf8&useSSL=false&serverTimezone=Asia/Shanghai
2026-01-08 23:07:37.484 [main] DEBUG c.m.builder.xml.XMLConfigBuilder - 数据库用户名: root
2026-01-08 23:07:37.484 [main] DEBUG c.m.builder.xml.XMLConfigBuilder - 数据库密码: ******
2026-01-08 23:07:37.484 [main] DEBUG c.m.builder.xml.XMLConfigBuilder - 解析Mapper文件: mapper/UserMapper.xml
2026-01-08 23:07:37.486 [main] INFO  c.m.builder.xml.XMLMapperBuilder - 解析Mapper: com.mybatis.test.mapper.UserMapper
2026-01-08 23:07:37.486 [main] INFO  com.mybatis.binding.MapperRegistry - 注册Mapper: com.mybatis.test.mapper.UserMapper
2026-01-08 23:07:37.486 [main] DEBUG c.m.builder.xml.XMLMapperBuilder - 解析SQL语句: com.mybatis.test.mapper.UserMapper.selectById [SELECT]
2026-01-08 23:07:37.486 [main] DEBUG c.m.builder.xml.XMLMapperBuilder - SQL: SELECT id, username, password, email, create_time FROM user WHERE id = #{id}
2026-01-08 23:07:37.487 [main] DEBUG c.m.builder.xml.XMLMapperBuilder - 解析SQL语句: com.mybatis.test.mapper.UserMapper.selectAll [SELECT]
2026-01-08 23:07:37.487 [main] DEBUG c.m.builder.xml.XMLMapperBuilder - SQL: SELECT id, username, password, email, create_time FROM user ORDER BY id
2026-01-08 23:07:37.487 [main] DEBUG c.m.builder.xml.XMLMapperBuilder - 解析SQL语句: com.mybatis.test.mapper.UserMapper.insert [INSERT]
2026-01-08 23:07:37.487 [main] DEBUG c.m.builder.xml.XMLMapperBuilder - SQL: INSERT INTO user (username, password, email, create_time) VALUES (#{username}, #{password}, #{email}, #{createTime})
2026-01-08 23:07:37.487 [main] DEBUG c.m.builder.xml.XMLMapperBuilder - 解析SQL语句: com.mybatis.test.mapper.UserMapper.update [UPDATE]
2026-01-08 23:07:37.487 [main] DEBUG c.m.builder.xml.XMLMapperBuilder - SQL: UPDATE user SET username = #{username}, password = #{password}, email = #{email} WHERE id = #{id}
2026-01-08 23:07:37.488 [main] DEBUG c.m.builder.xml.XMLMapperBuilder - 解析SQL语句: com.mybatis.test.mapper.UserMapper.deleteById [DELETE]
2026-01-08 23:07:37.488 [main] DEBUG c.m.builder.xml.XMLMapperBuilder - SQL: DELETE FROM user WHERE id = #{id}
2026-01-08 23:07:37.488 [main] INFO  c.m.builder.xml.XMLMapperBuilder - Mapper解析完成: com.mybatis.test.mapper.UserMapper (共5条SQL语句)
2026-01-08 23:07:37.489 [main] INFO  c.m.builder.xml.XMLConfigBuilder - MyBatis配置文件解析完成！
2026-01-08 23:07:37.489 [main] INFO  c.m.session.DefaultSqlSessionFactory - SqlSessionFactory创建成功
2026-01-08 23:07:37.489 [main] DEBUG c.m.session.DefaultSqlSessionFactory - 打开SqlSession [autoCommit=false]
2026-01-08 23:07:37.502 [main] INFO  c.m.builder.xml.XMLConfigBuilder - 开始解析MyBatis配置文件...
2026-01-08 23:07:37.502 [main] DEBUG c.m.builder.xml.XMLConfigBuilder - 默认环境: development
2026-01-08 23:07:37.502 [main] DEBUG c.m.builder.xml.XMLConfigBuilder - 数据库驱动: com.mysql.cj.jdbc.Driver
2026-01-08 23:07:37.502 [main] DEBUG c.m.builder.xml.XMLConfigBuilder - 数据库URL: jdbc:mysql://localhost:3306/mybatis_learn?useUnicode=true&characterEncoding=utf8&useSSL=false&serverTimezone=Asia/Shanghai
2026-01-08 23:07:37.502 [main] DEBUG c.m.builder.xml.XMLConfigBuilder - 数据库用户名: root
2026-01-08 23:07:37.502 [main] DEBUG c.m.builder.xml.XMLConfigBuilder - 数据库密码: ******
2026-01-08 23:07:37.502 [main] DEBUG c.m.builder.xml.XMLConfigBuilder - 解析Mapper文件: mapper/UserMapper.xml
2026-01-08 23:07:37.504 [main] INFO  c.m.builder.xml.XMLMapperBuilder - 解析Mapper: com.mybatis.test.mapper.UserMapper
2026-01-08 23:07:37.504 [main] INFO  com.mybatis.binding.MapperRegistry - 注册Mapper: com.mybatis.test.mapper.UserMapper
2026-01-08 23:07:37.504 [main] DEBUG c.m.builder.xml.XMLMapperBuilder - 解析SQL语句: com.mybatis.test.mapper.UserMapper.selectById [SELECT]
2026-01-08 23:07:37.505 [main] DEBUG c.m.builder.xml.XMLMapperBuilder - SQL: SELECT id, username, password, email, create_time FROM user WHERE id = #{id}
2026-01-08 23:07:37.505 [main] DEBUG c.m.builder.xml.XMLMapperBuilder - 解析SQL语句: com.mybatis.test.mapper.UserMapper.selectAll [SELECT]
2026-01-08 23:07:37.505 [main] DEBUG c.m.builder.xml.XMLMapperBuilder - SQL: SELECT id, username, password, email, create_time FROM user ORDER BY id
2026-01-08 23:07:37.505 [main] DEBUG c.m.builder.xml.XMLMapperBuilder - 解析SQL语句: com.mybatis.test.mapper.UserMapper.insert [INSERT]
2026-01-08 23:07:37.505 [main] DEBUG c.m.builder.xml.XMLMapperBuilder - SQL: INSERT INTO user (username, password, email, create_time) VALUES (#{username}, #{password}, #{email}, #{createTime})
2026-01-08 23:07:37.505 [main] DEBUG c.m.builder.xml.XMLMapperBuilder - 解析SQL语句: com.mybatis.test.mapper.UserMapper.update [UPDATE]
2026-01-08 23:07:37.505 [main] DEBUG c.m.builder.xml.XMLMapperBuilder - SQL: UPDATE user SET username = #{username}, password = #{password}, email = #{email} WHERE id = #{id}
2026-01-08 23:07:37.505 [main] DEBUG c.m.builder.xml.XMLMapperBuilder - 解析SQL语句: com.mybatis.test.mapper.UserMapper.deleteById [DELETE]
2026-01-08 23:07:37.506 [main] DEBUG c.m.builder.xml.XMLMapperBuilder - SQL: DELETE FROM user WHERE id = #{id}
2026-01-08 23:07:37.506 [main] INFO  c.m.builder.xml.XMLMapperBuilder - Mapper解析完成: com.mybatis.test.mapper.UserMapper (共5条SQL语句)
2026-01-08 23:07:37.507 [main] INFO  c.m.builder.xml.XMLConfigBuilder - MyBatis配置文件解析完成！
2026-01-08 23:07:37.507 [main] INFO  c.m.session.DefaultSqlSessionFactory - SqlSessionFactory创建成功
2026-01-08 23:07:37.507 [main] DEBUG c.m.session.DefaultSqlSessionFactory - 打开SqlSession [autoCommit=false]
